<?xml version="1.0" encoding="UTF-8"?>
<!-- Generated by org.testng.reporters.JUnitXMLReporter -->
<testsuite hostname="DRUCARE-LAP-32" ignored="8" name="Admin Module Test" tests="19" failures="0" timestamp="2021-10-01T18:20:50 IST" time="1644.959" errors="0">
  <testcase name="createNewUserTest" time="105.804" classname="com.drucare.qa.testcases.UserManagementPageTest"/>
  <testcase name="validateAddNewUserDetails" time="43.469" classname="com.drucare.qa.testcases.UserManagementPageTest"/>
  <testcase name="validateAddNewUserDetails" time="34.97" classname="com.drucare.qa.testcases.UserManagementPageTest"/>
  <testcase name="updateUserTest" time="54.086" classname="com.drucare.qa.testcases.UserManagementPageTest"/>
  <testcase name="DeactivateUser" time="29.563" classname="com.drucare.qa.testcases.UserManagementPageTest"/>
  <testcase name="ActivateUser" time="35.385" classname="com.drucare.qa.testcases.UserManagementPageTest"/>
  <testcase name="createRoleTest" time="92.23" classname="com.drucare.qa.testcases.RoleManagementPageTest"/>
  <testcase name="editRole" time="65.043" classname="com.drucare.qa.testcases.RoleManagementPageTest"/>
  <testcase name="DeactivateRole" time="44.084" classname="com.drucare.qa.testcases.RoleManagementPageTest"/>
  <testcase name="ActivateRole" time="33.075" classname="com.drucare.qa.testcases.RoleManagementPageTest"/>
  <testcase name="UserLogs" time="31.906" classname="com.drucare.qa.testcases.UserLogsPageTest"/>
  <testcase name="createNewLicenceTest" time="93.787" classname="com.drucare.qa.testcases.StatutoryCalendarLicenceTest"/>
  <testcase name="licenceUpdateTest" time="79.124" classname="com.drucare.qa.testcases.StatutoryCalendarLicenceTest"/>
  <testcase name="downloadLicenseTest" time="40.462" classname="com.drucare.qa.testcases.StatutoryCalendarLicenceTest"/>
  <testcase name="deleteLicenseTest" time="32.586" classname="com.drucare.qa.testcases.StatutoryCalendarLicenceTest"/>
  <testcase name="createNewAgreementTest" time="72.323" classname="com.drucare.qa.testcases.StatutoryCalendarAgreementsTest"/>
  <testcase name="editAgreementTest" time="80.78" classname="com.drucare.qa.testcases.StatutoryCalendarAgreementsTest"/>
  <testcase name="downloadAgreementTest" time="38.614" classname="com.drucare.qa.testcases.StatutoryCalendarAgreementsTest"/>
  <testcase name="deleteAgreementTest" time="33.299" classname="com.drucare.qa.testcases.StatutoryCalendarAgreementsTest"/>
  <testcase name="@AfterSuite FlushReports" time="0.0" classname="com.drucare.qa.base.TestBase">
    <ignored/>
  </testcase> <!-- @AfterSuite FlushReports -->
  <testcase name="@AfterSuite FlushReports" time="0.0" classname="com.drucare.qa.base.TestBase">
    <ignored/>
  </testcase> <!-- @AfterSuite FlushReports -->
  <testcase name="@AfterSuite FlushReports" time="0.0" classname="com.drucare.qa.base.TestBase">
    <ignored/>
  </testcase> <!-- @AfterSuite FlushReports -->
  <testcase name="@AfterSuite FlushReports" time="0.0" classname="com.drucare.qa.base.TestBase">
    <ignored/>
  </testcase> <!-- @AfterSuite FlushReports -->
  <testcase name="@BeforeSuite ExtentReports" time="0.0" classname="com.drucare.qa.base.TestBase">
    <ignored/>
  </testcase> <!-- @BeforeSuite ExtentReports -->
  <testcase name="@BeforeSuite ExtentReports" time="0.0" classname="com.drucare.qa.base.TestBase">
    <ignored/>
  </testcase> <!-- @BeforeSuite ExtentReports -->
  <testcase name="@BeforeSuite ExtentReports" time="0.0" classname="com.drucare.qa.base.TestBase">
    <ignored/>
  </testcase> <!-- @BeforeSuite ExtentReports -->
  <testcase name="@BeforeSuite ExtentReports" time="0.0" classname="com.drucare.qa.base.TestBase">
    <ignored/>
  </testcase> <!-- @BeforeSuite ExtentReports -->
</testsuite> <!-- Admin Module Test -->
