<?xml version="1.0" encoding="UTF-8"?>
<!-- Generated by org.testng.reporters.JUnitXMLReporter -->
<testsuite hostname="DRUCARE-LAP-32" ignored="3" name="Default test" tests="1" failures="0" timestamp="2021-10-03T18:07:22 IST" time="129.325" errors="0">
  <testcase name="createNewAgreementTest" time="88.536" classname="com.drucare.qa.testcases.StatutoryCalendarAgreementsTest"/>
  <testcase name="editAgreementTest" time="0.0" classname="com.drucare.qa.testcases.StatutoryCalendarAgreementsTest">
    <ignored/>
  </testcase> <!-- editAgreementTest -->
  <testcase name="deleteAgreementTest" time="0.0" classname="com.drucare.qa.testcases.StatutoryCalendarAgreementsTest">
    <ignored/>
  </testcase> <!-- deleteAgreementTest -->
  <testcase name="downloadAgreementTest" time="0.0" classname="com.drucare.qa.testcases.StatutoryCalendarAgreementsTest">
    <ignored/>
  </testcase> <!-- downloadAgreementTest -->
</testsuite> <!-- Default test -->
